<?xml version="1.0" encoding="UTF-8"?>
<coverage generated="1777695485509" clover="3.2.0">
  <project timestamp="1777695485509" name="All files">
    <metrics statements="11" coveredstatements="11" conditionals="17" coveredconditionals="17" methods="2" coveredmethods="2" elements="30" coveredelements="30" complexity="0" loc="11" ncloc="11" packages="1" files="1" classes="1"/>
    <file name="math.js" path="C:\UPH\des\uas\src\math.js">
      <metrics statements="11" coveredstatements="11" conditionals="17" coveredconditionals="17" methods="2" coveredmethods="2"/>
      <line num="1" count="1" type="stmt"/>
      <line num="2" count="8" type="cond" truecount="5" falsecount="0"/>
      <line num="3" count="5" type="cond" truecount="2" falsecount="0"/>
      <line num="4" count="4" type="cond" truecount="2" falsecount="0"/>
      <line num="5" count="3" type="cond" truecount="2" falsecount="0"/>
      <line num="6" count="2" type="cond" truecount="2" falsecount="0"/>
      <line num="7" count="1" type="stmt"/>
      <line num="10" count="1" type="stmt"/>
      <line num="11" count="7" type="cond" truecount="4" falsecount="0"/>
      <line num="12" count="3" type="stmt"/>
      <line num="16" count="1" type="stmt"/>
    </file>
  </project>
</coverage>
