{"C:\\UPH\\des\\uas\\src\\app.js": {"path":"C:\\UPH\\des\\uas\\src\\app.js","statementMap":{"0":{"start":{"line":1,"column":16},"end":{"line":1,"column":34}},"1":{"start":{"line":2,"column":13},"end":{"line":2,"column":28}},"2":{"start":{"line":3,"column":41},"end":{"line":3,"column":58}},"3":{"start":{"line":5,"column":12},"end":{"line":5,"column":21}},"4":{"start":{"line":8,"column":0},"end":{"line":8,"column":16}},"5":{"start":{"line":9,"column":0},"end":{"line":9,"column":24}},"6":{"start":{"line":12,"column":15},"end":{"line":12,"column":17}},"7":{"start":{"line":17,"column":0},"end":{"line":34,"column":3}},"8":{"start":{"line":18,"column":26},"end":{"line":18,"column":34}},"9":{"start":{"line":21,"column":2},"end":{"line":23,"column":3}},"10":{"start":{"line":22,"column":4},"end":{"line":22,"column":65}},"11":{"start":{"line":25,"column":21},"end":{"line":30,"column":3}},"12":{"start":{"line":32,"column":2},"end":{"line":32,"column":28}},"13":{"start":{"line":33,"column":2},"end":{"line":33,"column":35}},"14":{"start":{"line":37,"column":0},"end":{"line":39,"column":3}},"15":{"start":{"line":38,"column":2},"end":{"line":38,"column":33}},"16":{"start":{"line":42,"column":0},"end":{"line":42,"column":21}},"17":{"start":{"line":45,"column":13},"end":{"line":45,"column":17}},"18":{"start":{"line":47,"column":0},"end":{"line":51,"column":1}},"19":{"start":{"line":48,"column":4},"end":{"line":50,"column":7}},"20":{"start":{"line":49,"column":8},"end":{"line":49,"column":64}}},"fnMap":{"0":{"name":"(anonymous_0)","decl":{"start":{"line":17,"column":26},"end":{"line":17,"column":27}},"loc":{"start":{"line":17,"column":40},"end":{"line":34,"column":1}},"line":17},"1":{"name":"(anonymous_1)","decl":{"start":{"line":37,"column":25},"end":{"line":37,"column":26}},"loc":{"start":{"line":37,"column":39},"end":{"line":39,"column":1}},"line":37},"2":{"name":"(anonymous_2)","decl":{"start":{"line":48,"column":21},"end":{"line":48,"column":22}},"loc":{"start":{"line":48,"column":27},"end":{"line":50,"column":5}},"line":48}},"branchMap":{"0":{"loc":{"start":{"line":21,"column":2},"end":{"line":23,"column":3}},"type":"if","locations":[{"start":{"line":21,"column":2},"end":{"line":23,"column":3}},{"start":{},"end":{}}],"line":21},"1":{"loc":{"start":{"line":21,"column":6},"end":{"line":21,"column":64}},"type":"binary-expr","locations":[{"start":{"line":21,"column":6},"end":{"line":21,"column":25}},{"start":{"line":21,"column":29},"end":{"line":21,"column":64}}],"line":21},"2":{"loc":{"start":{"line":47,"column":0},"end":{"line":51,"column":1}},"type":"if","locations":[{"start":{"line":47,"column":0},"end":{"line":51,"column":1}},{"start":{},"end":{}}],"line":47}},"s":{"0":1,"1":1,"2":1,"3":1,"4":1,"5":1,"6":1,"7":1,"8":3,"9":3,"10":1,"11":2,"12":2,"13":2,"14":1,"15":2,"16":1,"17":1,"18":1,"19":0,"20":0},"f":{"0":3,"1":2,"2":0},"b":{"0":[1,2],"1":[3,2],"2":[0,1]},"_coverageSchema":"1a1c01bbd47fc00a2c39e90264f33305004495a9","hash":"52ce86895e39469ca20dbc6d7112bdccf423d5ed"}
,"C:\\UPH\\des\\uas\\src\\math.js": {"path":"C:\\UPH\\des\\uas\\src\\math.js","statementMap":{"0":{"start":{"line":1,"column":23},"end":{"line":8,"column":1}},"1":{"start":{"line":2,"column":2},"end":{"line":2,"column":78}},"2":{"start":{"line":2,"column":61},"end":{"line":2,"column":78}},"3":{"start":{"line":3,"column":2},"end":{"line":3,"column":30}},"4":{"start":{"line":3,"column":19},"end":{"line":3,"column":30}},"5":{"start":{"line":4,"column":2},"end":{"line":4,"column":30}},"6":{"start":{"line":4,"column":19},"end":{"line":4,"column":30}},"7":{"start":{"line":5,"column":2},"end":{"line":5,"column":30}},"8":{"start":{"line":5,"column":19},"end":{"line":5,"column":30}},"9":{"start":{"line":6,"column":2},"end":{"line":6,"column":30}},"10":{"start":{"line":6,"column":19},"end":{"line":6,"column":30}},"11":{"start":{"line":7,"column":2},"end":{"line":7,"column":13}},"12":{"start":{"line":10,"column":21},"end":{"line":13,"column":1}},"13":{"start":{"line":11,"column":2},"end":{"line":11,"column":54}},"14":{"start":{"line":11,"column":41},"end":{"line":11,"column":54}},"15":{"start":{"line":12,"column":2},"end":{"line":12,"column":33}},"16":{"start":{"line":16,"column":0},"end":{"line":16,"column":50}}},"fnMap":{"0":{"name":"(anonymous_0)","decl":{"start":{"line":1,"column":23},"end":{"line":1,"column":24}},"loc":{"start":{"line":1,"column":34},"end":{"line":8,"column":1}},"line":1},"1":{"name":"(anonymous_1)","decl":{"start":{"line":10,"column":21},"end":{"line":10,"column":22}},"loc":{"start":{"line":10,"column":31},"end":{"line":13,"column":1}},"line":10}},"branchMap":{"0":{"loc":{"start":{"line":2,"column":2},"end":{"line":2,"column":78}},"type":"if","locations":[{"start":{"line":2,"column":2},"end":{"line":2,"column":78}},{"start":{},"end":{}}],"line":2},"1":{"loc":{"start":{"line":2,"column":6},"end":{"line":2,"column":59}},"type":"binary-expr","locations":[{"start":{"line":2,"column":6},"end":{"line":2,"column":31}},{"start":{"line":2,"column":35},"end":{"line":2,"column":44}},{"start":{"line":2,"column":48},"end":{"line":2,"column":59}}],"line":2},"2":{"loc":{"start":{"line":3,"column":2},"end":{"line":3,"column":30}},"type":"if","locations":[{"start":{"line":3,"column":2},"end":{"line":3,"column":30}},{"start":{},"end":{}}],"line":3},"3":{"loc":{"start":{"line":4,"column":2},"end":{"line":4,"column":30}},"type":"if","locations":[{"start":{"line":4,"column":2},"end":{"line":4,"column":30}},{"start":{},"end":{}}],"line":4},"4":{"loc":{"start":{"line":5,"column":2},"end":{"line":5,"column":30}},"type":"if","locations":[{"start":{"line":5,"column":2},"end":{"line":5,"column":30}},{"start":{},"end":{}}],"line":5},"5":{"loc":{"start":{"line":6,"column":2},"end":{"line":6,"column":30}},"type":"if","locations":[{"start":{"line":6,"column":2},"end":{"line":6,"column":30}},{"start":{},"end":{}}],"line":6},"6":{"loc":{"start":{"line":11,"column":2},"end":{"line":11,"column":54}},"type":"if","locations":[{"start":{"line":11,"column":2},"end":{"line":11,"column":54}},{"start":{},"end":{}}],"line":11},"7":{"loc":{"start":{"line":11,"column":6},"end":{"line":11,"column":39}},"type":"binary-expr","locations":[{"start":{"line":11,"column":6},"end":{"line":11,"column":11}},{"start":{"line":11,"column":15},"end":{"line":11,"column":39}}],"line":11}},"s":{"0":2,"1":12,"2":3,"3":9,"4":3,"5":6,"6":3,"7":3,"8":1,"9":2,"10":1,"11":1,"12":2,"13":10,"14":4,"15":6,"16":2},"f":{"0":12,"1":10},"b":{"0":[3,9],"1":[12,11,10],"2":[3,6],"3":[3,3],"4":[1,2],"5":[1,1],"6":[4,6],"7":[10,7]},"_coverageSchema":"1a1c01bbd47fc00a2c39e90264f33305004495a9","hash":"d997cdce05faff868df07d5db0500afa8a73a980"}
}
