{"C:\\UPH\\des\\uas\\src\\math.js": {"path":"C:\\UPH\\des\\uas\\src\\math.js","statementMap":{"0":{"start":{"line":1,"column":23},"end":{"line":8,"column":1}},"1":{"start":{"line":2,"column":2},"end":{"line":2,"column":78}},"2":{"start":{"line":2,"column":61},"end":{"line":2,"column":78}},"3":{"start":{"line":3,"column":2},"end":{"line":3,"column":30}},"4":{"start":{"line":3,"column":19},"end":{"line":3,"column":30}},"5":{"start":{"line":4,"column":2},"end":{"line":4,"column":30}},"6":{"start":{"line":4,"column":19},"end":{"line":4,"column":30}},"7":{"start":{"line":5,"column":2},"end":{"line":5,"column":30}},"8":{"start":{"line":5,"column":19},"end":{"line":5,"column":30}},"9":{"start":{"line":6,"column":2},"end":{"line":6,"column":30}},"10":{"start":{"line":6,"column":19},"end":{"line":6,"column":30}},"11":{"start":{"line":7,"column":2},"end":{"line":7,"column":13}},"12":{"start":{"line":10,"column":21},"end":{"line":13,"column":1}},"13":{"start":{"line":11,"column":2},"end":{"line":11,"column":54}},"14":{"start":{"line":11,"column":41},"end":{"line":11,"column":54}},"15":{"start":{"line":12,"column":2},"end":{"line":12,"column":33}},"16":{"start":{"line":16,"column":0},"end":{"line":16,"column":50}}},"fnMap":{"0":{"name":"(anonymous_0)","decl":{"start":{"line":1,"column":23},"end":{"line":1,"column":24}},"loc":{"start":{"line":1,"column":34},"end":{"line":8,"column":1}},"line":1},"1":{"name":"(anonymous_1)","decl":{"start":{"line":10,"column":21},"end":{"line":10,"column":22}},"loc":{"start":{"line":10,"column":31},"end":{"line":13,"column":1}},"line":10}},"branchMap":{"0":{"loc":{"start":{"line":2,"column":2},"end":{"line":2,"column":78}},"type":"if","locations":[{"start":{"line":2,"column":2},"end":{"line":2,"column":78}},{"start":{},"end":{}}],"line":2},"1":{"loc":{"start":{"line":2,"column":6},"end":{"line":2,"column":59}},"type":"binary-expr","locations":[{"start":{"line":2,"column":6},"end":{"line":2,"column":31}},{"start":{"line":2,"column":35},"end":{"line":2,"column":44}},{"start":{"line":2,"column":48},"end":{"line":2,"column":59}}],"line":2},"2":{"loc":{"start":{"line":3,"column":2},"end":{"line":3,"column":30}},"type":"if","locations":[{"start":{"line":3,"column":2},"end":{"line":3,"column":30}},{"start":{},"end":{}}],"line":3},"3":{"loc":{"start":{"line":4,"column":2},"end":{"line":4,"column":30}},"type":"if","locations":[{"start":{"line":4,"column":2},"end":{"line":4,"column":30}},{"start":{},"end":{}}],"line":4},"4":{"loc":{"start":{"line":5,"column":2},"end":{"line":5,"column":30}},"type":"if","locations":[{"start":{"line":5,"column":2},"end":{"line":5,"column":30}},{"start":{},"end":{}}],"line":5},"5":{"loc":{"start":{"line":6,"column":2},"end":{"line":6,"column":30}},"type":"if","locations":[{"start":{"line":6,"column":2},"end":{"line":6,"column":30}},{"start":{},"end":{}}],"line":6},"6":{"loc":{"start":{"line":11,"column":2},"end":{"line":11,"column":54}},"type":"if","locations":[{"start":{"line":11,"column":2},"end":{"line":11,"column":54}},{"start":{},"end":{}}],"line":11},"7":{"loc":{"start":{"line":11,"column":6},"end":{"line":11,"column":39}},"type":"binary-expr","locations":[{"start":{"line":11,"column":6},"end":{"line":11,"column":11}},{"start":{"line":11,"column":15},"end":{"line":11,"column":39}}],"line":11}},"s":{"0":1,"1":8,"2":3,"3":5,"4":1,"5":4,"6":1,"7":3,"8":1,"9":2,"10":1,"11":1,"12":1,"13":7,"14":4,"15":3,"16":1},"f":{"0":8,"1":7},"b":{"0":[3,5],"1":[8,7,6],"2":[1,4],"3":[1,3],"4":[1,2],"5":[1,1],"6":[4,3],"7":[7,4]},"_coverageSchema":"1a1c01bbd47fc00a2c39e90264f33305004495a9","hash":"d997cdce05faff868df07d5db0500afa8a73a980"}
}
