TN:
SF:src\app.js
FN:17,(anonymous_0)
FN:30,(anonymous_1)
FN:41,(anonymous_2)
FN:46,(anonymous_3)
FN:68,(anonymous_4)
FN:71,(anonymous_5)
FN:86,(anonymous_6)
FNF:7
FNH:4
FNDA:4,(anonymous_0)
FNDA:2,(anonymous_1)
FNDA:2,(anonymous_2)
FNDA:3,(anonymous_3)
FNDA:0,(anonymous_4)
FNDA:0,(anonymous_5)
FNDA:0,(anonymous_6)
DA:1,1
DA:2,1
DA:3,1
DA:4,1
DA:7,1
DA:9,1
DA:10,1
DA:11,1
DA:13,1
DA:14,1
DA:17,1
DA:18,4
DA:19,4
DA:20,0
DA:21,0
DA:23,4
DA:24,4
DA:26,0
DA:30,1
DA:31,2
DA:32,2
DA:34,0
DA:41,1
DA:42,2
DA:46,1
DA:47,3
DA:48,3
DA:50,3
DA:51,1
DA:54,2
DA:55,2
DA:62,2
DA:63,2
DA:64,2
DA:68,1
DA:69,0
DA:70,0
DA:71,0
DA:73,0
DA:74,0
DA:77,0
DA:78,0
DA:82,1
DA:85,1
DA:86,0
DA:87,0
LF:46
LH:33
BRDA:19,0,0,0
BRDA:19,0,1,4
BRDA:24,1,0,4
BRDA:24,1,1,0
BRDA:50,2,0,1
BRDA:50,2,1,2
BRDA:50,3,0,3
BRDA:50,3,1,2
BRDA:73,4,0,0
BRDA:73,4,1,0
BRDA:85,5,0,0
BRDA:85,5,1,1
BRF:12
BRH:7
end_of_record
TN:
SF:src\math.js
FN:1,(anonymous_0)
FN:10,(anonymous_1)
FNF:2
FNH:2
FNDA:12,(anonymous_0)
FNDA:10,(anonymous_1)
DA:1,2
DA:2,12
DA:3,9
DA:4,6
DA:5,3
DA:6,2
DA:7,1
DA:10,2
DA:11,10
DA:12,6
DA:16,2
LF:11
LH:11
BRDA:2,0,0,3
BRDA:2,0,1,9
BRDA:2,1,0,12
BRDA:2,1,1,11
BRDA:2,1,2,10
BRDA:3,2,0,3
BRDA:3,2,1,6
BRDA:4,3,0,3
BRDA:4,3,1,3
BRDA:5,4,0,1
BRDA:5,4,1,2
BRDA:6,5,0,1
BRDA:6,5,1,1
BRDA:11,6,0,4
BRDA:11,6,1,6
BRDA:11,7,0,10
BRDA:11,7,1,7
BRF:17
BRH:17
end_of_record
