TN:
SF:src\app.js
FN:17,(anonymous_0)
FN:37,(anonymous_1)
FN:48,(anonymous_2)
FNF:3
FNH:2
FNDA:3,(anonymous_0)
FNDA:2,(anonymous_1)
FNDA:0,(anonymous_2)
DA:1,1
DA:2,1
DA:3,1
DA:5,1
DA:8,1
DA:9,1
DA:12,1
DA:17,1
DA:18,3
DA:21,3
DA:22,1
DA:25,2
DA:32,2
DA:33,2
DA:37,1
DA:38,2
DA:42,1
DA:45,1
DA:47,1
DA:48,0
DA:49,0
LF:21
LH:19
BRDA:21,0,0,1
BRDA:21,0,1,2
BRDA:21,1,0,3
BRDA:21,1,1,2
BRDA:47,2,0,0
BRDA:47,2,1,1
BRF:6
BRH:5
end_of_record
TN:
SF:src\math.js
FN:1,(anonymous_0)
FN:10,(anonymous_1)
FNF:2
FNH:2
FNDA:12,(anonymous_0)
FNDA:10,(anonymous_1)
DA:1,2
DA:2,12
DA:3,9
DA:4,6
DA:5,3
DA:6,2
DA:7,1
DA:10,2
DA:11,10
DA:12,6
DA:16,2
LF:11
LH:11
BRDA:2,0,0,3
BRDA:2,0,1,9
BRDA:2,1,0,12
BRDA:2,1,1,11
BRDA:2,1,2,10
BRDA:3,2,0,3
BRDA:3,2,1,6
BRDA:4,3,0,3
BRDA:4,3,1,3
BRDA:5,4,0,1
BRDA:5,4,1,2
BRDA:6,5,0,1
BRDA:6,5,1,1
BRDA:11,6,0,4
BRDA:11,6,1,6
BRDA:11,7,0,10
BRDA:11,7,1,7
BRF:17
BRH:17
end_of_record
